[debug] [2018-09-18T14:20:09.811Z] ----------------------------------------------------------------------
[debug] [2018-09-18T14:20:09.814Z] Command:       /usr/local/bin/node /usr/local/bin/firebase deploy
[debug] [2018-09-18T14:20:09.814Z] CLI Version:   4.2.1
[debug] [2018-09-18T14:20:09.814Z] Platform:      darwin
[debug] [2018-09-18T14:20:09.814Z] Node Version:  v6.11.2
[debug] [2018-09-18T14:20:09.815Z] Time:          Tue Sep 18 2018 07:20:09 GMT-0700 (PDT)
[debug] [2018-09-18T14:20:09.815Z] ----------------------------------------------------------------------
[debug] 
[debug] [2018-09-18T14:20:09.830Z] > command requires scopes: ["email","openid","https://www.googleapis.com/auth/cloudplatformprojects.readonly","https://www.googleapis.com/auth/firebase","https://www.googleapis.com/auth/cloud-platform"]
[debug] [2018-09-18T14:20:09.830Z] > authorizing via signed-in user
[debug] [2018-09-18T14:20:09.833Z] > refreshing access token with scopes: ["email","https://www.googleapis.com/auth/cloud-platform","https://www.googleapis.com/auth/cloudplatformprojects.readonly","https://www.googleapis.com/auth/firebase","openid"]
[debug] [2018-09-18T14:20:09.834Z] >>> HTTP REQUEST POST https://www.googleapis.com/oauth2/v3/token  

[debug] [2018-09-18T14:20:10.030Z] <<< HTTP RESPONSE 200
[debug] [2018-09-18T14:20:10.047Z] >>> HTTP REQUEST GET https://admin.firebase.com/v1/projects/pointerjoneswebsite  
 
[debug] [2018-09-18T14:20:10.449Z] <<< HTTP RESPONSE 200
[info] 
[info] === Deploying to 'pointerjoneswebsite'...
[info] 
[info] i  deploying hosting
[debug] [2018-09-18T14:20:10.455Z] >>> HTTP REQUEST POST https://firebasehosting.googleapis.com/v1beta1/sites/pointerjoneswebsite/versions  

[debug] [2018-09-18T14:20:12.725Z] <<< HTTP RESPONSE 200
[info] i  hosting[pointerjoneswebsite]: beginning deploy...
[info] i  hosting[pointerjoneswebsite]: found 186 files in public
[debug] [2018-09-18T14:20:12.780Z] [hosting] hash cache [cHVibGlj] not populated
[debug] [2018-09-18T14:20:15.459Z] [hosting] hash cache [cHVibGlj] stored for 186 files
[debug] [2018-09-18T14:20:15.459Z] [hosting][hash queue][FINAL]
[debug] [2018-09-18T14:20:15.460Z] >>> HTTP REQUEST POST https://firebasehosting.googleapis.com/v1beta1/sites/pointerjoneswebsite/versions/24babfe197548a0d:populateFiles  
 <request body omitted>
[debug] [2018-09-18T14:20:16.420Z] <<< HTTP RESPONSE 200
[debug] [2018-09-18T14:20:16.473Z] [hosting][populate queue][FINAL]
[debug] [2018-09-18T14:20:16.474Z] [hosting] uploads queued: 125
